[2024-04-04 03:54:01 UTC] test
[2024-04-04 04:01:50 UTC] array (
  16 => 'WEBSITE',
  19 => '001',
  20 => '001',
  7 => 'Once',
  10 => '50',
  11 => '',
  12 => '',
  13 => '',
  14 => '',
  15 => '',
  1 => '',
  3 => '3456754',
  4 => 'testing@test.com',
  5 => '',
  18 => '',
  17 => '',
)
[2024-04-04 04:11:29 UTC] array (
  'Cause Code' => '',
  'Order Number' => '',
  'Reference Number' => '',
  'Once or Monthly' => '',
  'Donation Amount (Once)' => '',
  'Enter Amount (Once)' => '',
  'Donation Amount (Monthly)' => '',
  'Enter Amount (Monthly)' => '',
  'Select the day for your monthly gift to be debited' => '',
  '' => '',
  'Name' => '',
  'Phone' => '',
  'Email' => '',
  'Address' => '',
  'Credit Card' => '',
)
[2024-04-04 04:15:37 UTC] array (
  'Cause Code' => 'WEBSITE',
  'Order Number' => '001',
  'Reference Number' => '001',
  'Once or Monthly' => 'Once',
  'Donation Amount (Once)' => '10',
  'Enter Amount (Once)' => '',
  'Donation Amount (Monthly)' => '',
  'Enter Amount (Monthly)' => '',
  'Select the day for your monthly gift to be debited' => '',
  '' => '',
  'Name' => '',
  'Phone' => '32323',
  'Email' => 'log3@log.com',
  'Address' => '',
  'Credit Card' => '',
)
[2024-04-04 04:23:47 UTC] array (
  'Cause Code' => 'WEBSITE',
  'Order Number' => '001',
  'Reference Number' => '001',
  'Once or Monthly' => 'Monthly',
  'Donation Amount (Once)' => '',
  'Enter Amount (Once)' => '',
  'Donation Amount (Monthly)' => '50',
  'Enter Amount (Monthly)' => '',
  'Select the day for your monthly gift to be debited' => '15th',
  '' => '',
  'Name' => '',
  'Phone' => '3434343243',
  'Email' => 'log4@log.com',
  'Address' => '',
  'Credit Card' => '',
)
[2024-04-04 04:25:32 UTC] array (
  'Cause Code' => 'WEBSITE',
  'Order Number' => '001',
  'Reference Number' => '001',
  'Once or Monthly' => 'Once',
  'Donation Amount (Once)' => '100',
  'Enter Amount (Once)' => '',
  'Donation Amount (Monthly)' => '',
  'Enter Amount (Monthly)' => '',
  'Select the day for your monthly gift to be debited' => '',
  '' => '',
  'Name' => '',
  'Phone' => '3434343',
  'Email' => 'test5@gg.com',
  'Address' => 'Test 5, Test 5, Test 5, Test 5, 3443, Aruba',
  'Credit Card' => '',
)
[2024-04-04 04:31:59 UTC] array (
  'Cause Code' => 'WEBSITE',
  'Order Number' => '001',
  'Reference Number' => '001',
  'Once or Monthly' => 'Once',
  'Donation Amount (Once)' => '50',
  'Enter Amount (Once)' => '',
  'Donation Amount (Monthly)' => '',
  'Enter Amount (Monthly)' => '',
  'Select the day for your monthly gift to be debited' => '',
  '' => '',
  'Name' => 'Test 6  Test 6',
  'Phone' => '4343434',
  'Email' => 'test6@testing.com',
  'Address' => 'Test 6, Test 6, Test 6, Test 6, 12121, Somalia',
  'Credit Card' => '',
)
[2024-04-04 04:41:55 UTC] array (
  'Cause Code' => 'WEBSITE',
  'Order Number' => '001',
  'Reference Number' => '001',
  'Once or Monthly' => 'Once',
  'Donation Amount (Once)' => '50',
  'Enter Amount (Once)' => '',
  'Donation Amount (Monthly)' => '',
  'Enter Amount (Monthly)' => '',
  'Select the day for your monthly gift to be debited' => '',
  '' => '',
  'Name' => 'Test7  Test7',
  'Phone' => '1212121',
  'Email' => 'testing7@tst.com',
  'Address' => 'Test7, Test7, Test7, Test7, 12121, Israel',
  'Credit Card' => '',
)
[2024-04-04 04:43:12 UTC] array (
  'Cause Code' => 'WEBSITE',
  'Order Number' => '001',
  'Reference Number' => '001',
  'Once or Monthly' => 'Monthly',
  'Donation Amount (Monthly)' => '50',
  'Select the day for your monthly gift to be debited' => '28th',
  'Name' => 'Testing 8  Testing 8',
  'Phone' => '987980',
  'Email' => 'test8@88.com',
  'Address' => 'Testing 8, Testing 8, Testing 8, Testing 8, 6767, Guatemala',
)
